#
# A fatal error has been detected by the Java Runtime Environment:
#
#  Internal Error (0xc0000002), pid=4424, tid=3236
#
# JRE version: 7.0_09-b05
# Java VM: Java HotSpot(TM) Client VM (23.5-b02 mixed mode, sharing windows-x86 )
# Problematic frame:
# C  [kernel32.dll+0x1d8cb]  RaiseException+0x59
#
# Failed to write core dump. Minidumps are not enabled by default on client versions of Windows
#
# If you would like to submit a bug report, please visit:
#   http://bugreport.sun.com/bugreport/crash.jsp
# The crash happened outside the Java Virtual Machine in native code.
# See problematic frame for where to report the bug.
#

---------------  T H R E A D  ---------------

Current thread (0x04ee3c00):  JavaThread "QuantumRenderer-0" daemon [_thread_in_native, id=3236, stack(0x05300000,0x05350000)]

siginfo: ExceptionCode=0xc0000002

Registers:
EAX=0x0534f4ac, EBX=0x00000000, ECX=0x06184860, EDX=0x101d8a19
ESP=0x0534f4ac, EBP=0x0534f4fc, ESI=0x06b433b8, EDI=0x06b55db0
EIP=0x7661d8cb, EFLAGS=0x00000246

Top of Stack: (sp=0x0534f4ac)
0x0534f4ac:   c0000002 00000001 00000000 7661d8cb
0x0534f4bc:   00000000 01010100 0534f3fc 0534f400
0x0534f4cc:   0534f53c 77de37ce 0331ad55 fffffffe
0x0534f4dc:   77d5a9b5 77d5a4ac 00000000 06188950
0x0534f4ec:   06188950 ffffffff 00000000 0534f50c
0x0534f4fc:   00000000 101d8a2a c0000002 00000001
0x0534f50c:   00000000 00000000 1002686e 06b55db0
0x0534f51c:   06b433b8 00000000 10029217 06b55db0 

Instructions: (pc=0x7661d8cb)
0x7661d8ab:   02 50 ff 75 14 8d 45 c4 50 e8 4e 21 0a 00 e9 ee
0x7661d8bb:   50 02 00 89 45 c0 8d 45 b0 50 ff 15 14 07 61 76
0x7661d8cb:   c9 c2 10 00 66 83 fa 06 0f 84 6b f4 01 00 66 83
0x7661d8db:   fa 09 75 0c c7 46 18 d8 21 00 00 e9 01 77 ff ff 


Register to memory mapping:

EAX=0x0534f4ac is pointing into the stack for thread: 0x04ee3c00
EBX=0x00000000 is an unknown value
ECX=0x06184860 is an unknown value
EDX=0x101d8a19 is an unknown value
ESP=0x0534f4ac is pointing into the stack for thread: 0x04ee3c00
EBP=0x0534f4fc is pointing into the stack for thread: 0x04ee3c00
ESI=0x06b433b8 is an unknown value
EDI=0x06b55db0 is an unknown value


Stack: [0x05300000,0x05350000],  sp=0x0534f4ac,  free space=317k
Native frames: (J=compiled Java code, j=interpreted, Vv=VM code, C=native code)
C  [kernel32.dll+0x1d8cb]  RaiseException+0x59

Java frames: (J=compiled Java code, j=interpreted, Vv=VM code)
j  com.sun.prism.d3d.D3DPipeline.nDispose()V+0
j  com.sun.prism.d3d.D3DPipeline.dispose()V+29
j  com.sun.javafx.tk.quantum.QuantumRenderer$PipelineRunnable.cleanup()V+9
j  com.sun.javafx.tk.quantum.QuantumRenderer$PipelineRunnable.run()V+14
j  java.lang.Thread.run()V+11
v  ~StubRoutines::call_stub

---------------  P R O C E S S  ---------------

Java Threads: ( => current thread )
  0x04f77400 JavaThread "Prism Font Disposer" daemon [_thread_blocked, id=560, stack(0x071b0000,0x07200000)]
  0x04f41000 JavaThread "Thread-3" daemon [_thread_in_native, id=1672, stack(0x05550000,0x055a0000)]
  0x04ec1c00 JavaThread "Disposer" daemon [_thread_blocked, id=4676, stack(0x057f0000,0x05840000)]
=>0x04ee3c00 JavaThread "QuantumRenderer-0" daemon [_thread_in_native, id=3236, stack(0x05300000,0x05350000)]
  0x04e4e000 JavaThread "traceMsgQueueThread" daemon [_thread_blocked, id=4812, stack(0x05070000,0x050c0000)]
  0x02726800 JavaThread "Service Thread" daemon [_thread_blocked, id=5004, stack(0x04cf0000,0x04d40000)]
  0x02721000 JavaThread "C1 CompilerThread0" daemon [_thread_blocked, id=2500, stack(0x04c10000,0x04c60000)]
  0x0271f800 JavaThread "Attach Listener" daemon [_thread_blocked, id=4232, stack(0x04b40000,0x04b90000)]
  0x0270ac00 JavaThread "Finalizer" daemon [_thread_blocked, id=4224, stack(0x04850000,0x048a0000)]
  0x02706000 JavaThread "Reference Handler" daemon [_thread_blocked, id=3884, stack(0x04a10000,0x04a60000)]

Other Threads:
  0x02703c00 VMThread [stack: 0x02760000,0x027b0000] [id=4688]

VM state:at safepoint (normal execution)

VM Mutex/Monitor currently owned by a thread:  ([mutex/lock_event])
[0x00b58ee8] Threads_lock - owner thread: 0x02703c00
[0x00b592f8] Heap_lock - owner thread: 0x00b5ac00

Heap
 def new generation   total 4928K, used 2920K [0x24750000, 0x24ca0000, 0x29ca0000)
  eden space 4416K,  60% used [0x24750000, 0x249e80e0, 0x24ba0000)
  from space 512K,  51% used [0x24ba0000, 0x24be22e0, 0x24c20000)
  to   space 512K,   0% used [0x24c20000, 0x24c20000, 0x24ca0000)
 tenured generation   total 10944K, used 1413K [0x29ca0000, 0x2a750000, 0x34750000)
   the space 10944K,  12% used [0x29ca0000, 0x29e01708, 0x29e01800, 0x2a750000)
 compacting perm gen  total 12288K, used 4586K [0x34750000, 0x35350000, 0x38750000)
   the space 12288K,  37% used [0x34750000, 0x34bca8b8, 0x34bcaa00, 0x35350000)
    ro space 10240K,  45% used [0x38750000, 0x38bd5880, 0x38bd5a00, 0x39150000)
    rw space 12288K,  54% used [0x39150000, 0x397d8a58, 0x397d8c00, 0x39d50000)

Card table byte_map: [0x00a30000,0x00ae0000] byte_map_base: 0x0090c580

Polling page: 0x000a0000

Code Cache  [0x02850000, 0x02978000, 0x04850000)
 total_blobs=774 nmethods=455 adapters=253 free_code_cache=31607Kb largest_free_block=32366080

Compilation events (10 events):
Event: 21.430 Thread 0x02721000  453             com.sun.scenario.animation.shared.GeneralClipInterpolator::interpolate (139 bytes)
Event: 21.431 Thread 0x02721000 nmethod 453 0x02970b08 code [0x02970c50, 0x02970e44]
Event: 21.431 Thread 0x02721000  454             javafx.beans.property.DoublePropertyBase::isBound (13 bytes)
Event: 21.431 Thread 0x02721000 nmethod 454 0x029711c8 code [0x029712c0, 0x02971350]
Event: 21.431 Thread 0x02721000  455             javafx.scene.Node::impl_geomChanged (41 bytes)
Event: 21.432 Thread 0x02721000 nmethod 455 0x02971388 code [0x029714e0, 0x02971668]
Event: 21.432 Thread 0x02721000  456             javafx.scene.Node::impl_layoutBoundsChanged (74 bytes)
Event: 21.434 Thread 0x02721000 nmethod 456 0x02971808 code [0x029719a0, 0x02971cb8]
Event: 21.434 Thread 0x02721000  457             javafx.scene.Node::impl_notifyLayoutBoundsChanged (5 bytes)
Event: 21.434 Thread 0x02721000 nmethod 457 0x02972008 code [0x02972100, 0x0297218c]

GC Heap History (8 events):
Event: 0.358 GC heap before
{Heap before GC invocations=0 (full 0):
 def new generation   total 4928K, used 4416K [0x24750000, 0x24ca0000, 0x29ca0000)
  eden space 4416K, 100% used [0x24750000, 0x24ba0000, 0x24ba0000)
  from space 512K,   0% used [0x24ba0000, 0x24ba0000, 0x24c20000)
  to   space 512K,   0% used [0x24c20000, 0x24c20000, 0x24ca0000)
 tenured generation   total 10944K, used 0K [0x29ca0000, 0x2a750000, 0x34750000)
   the space 10944K,   0% used [0x29ca0000, 0x29ca0000, 0x29ca0200, 0x2a750000)
 compacting perm gen  total 12288K, used 1655K [0x34750000, 0x35350000, 0x38750000)
   the space 12288K,  13% used [0x34750000, 0x348ede10, 0x348ee000, 0x35350000)
    ro space 10240K,  45% used [0x38750000, 0x38bd5880, 0x38bd5a00, 0x39150000)
    rw space 12288K,  54% used [0x39150000, 0x397d8a58, 0x397d8c00, 0x39d50000)
Event: 0.364 GC heap after
Heap after GC invocations=1 (full 0):
 def new generation   total 4928K, used 512K [0x24750000, 0x24ca0000, 0x29ca0000)
  eden space 4416K,   0% used [0x24750000, 0x24750000, 0x24ba0000)
  from space 512K, 100% used [0x24c20000, 0x24ca0000, 0x24ca0000)
  to   space 512K,   0% used [0x24ba0000, 0x24ba0000, 0x24c20000)
 tenured generation   total 10944K, used 72K [0x29ca0000, 0x2a750000, 0x34750000)
   the space 10944K,   0% used [0x29ca0000, 0x29cb2018, 0x29cb2200, 0x2a750000)
 compacting perm gen  total 12288K, used 1655K [0x34750000, 0x35350000, 0x38750000)
   the space 12288K,  13% used [0x34750000, 0x348ede10, 0x348ee000, 0x35350000)
    ro space 10240K,  45% used [0x38750000, 0x38bd5880, 0x38bd5a00, 0x39150000)
    rw space 12288K,  54% used [0x39150000, 0x397d8a58, 0x397d8c00, 0x39d50000)
}
Event: 0.644 GC heap before
{Heap before GC invocations=1 (full 0):
 def new generation   total 4928K, used 4928K [0x24750000, 0x24ca0000, 0x29ca0000)
  eden space 4416K, 100% used [0x24750000, 0x24ba0000, 0x24ba0000)
  from space 512K, 100% used [0x24c20000, 0x24ca0000, 0x24ca0000)
  to   space 512K,   0% used [0x24ba0000, 0x24ba0000, 0x24c20000)
 tenured generation   total 10944K, used 72K [0x29ca0000, 0x2a750000, 0x34750000)
   the space 10944K,   0% used [0x29ca0000, 0x29cb2018, 0x29cb2200, 0x2a750000)
 compacting perm gen  total 12288K, used 2980K [0x34750000, 0x35350000, 0x38750000)
   the space 12288K,  24% used [0x34750000, 0x34a39018, 0x34a39200, 0x35350000)
    ro space 10240K,  45% used [0x38750000, 0x38bd5880, 0x38bd5a00, 0x39150000)
    rw space 12288K,  54% used [0x39150000, 0x397d8a58, 0x397d8c00, 0x39d50000)
Event: 0.652 GC heap after
Heap after GC invocations=2 (full 0):
 def new generation   total 4928K, used 512K [0x24750000, 0x24ca0000, 0x29ca0000)
  eden space 4416K,   0% used [0x24750000, 0x24750000, 0x24ba0000)
  from space 512K, 100% used [0x24ba0000, 0x24c20000, 0x24c20000)
  to   space 512K,   0% used [0x24c20000, 0x24c20000, 0x24ca0000)
 tenured generation   total 10944K, used 591K [0x29ca0000, 0x2a750000, 0x34750000)
   the space 10944K,   5% used [0x29ca0000, 0x29d33fc8, 0x29d34000, 0x2a750000)
 compacting perm gen  total 12288K, used 2980K [0x34750000, 0x35350000, 0x38750000)
   the space 12288K,  24% used [0x34750000, 0x34a39018, 0x34a39200, 0x35350000)
    ro space 10240K,  45% used [0x38750000, 0x38bd5880, 0x38bd5a00, 0x39150000)
    rw space 12288K,  54% used [0x39150000, 0x397d8a58, 0x397d8c00, 0x39d50000)
}
Event: 0.958 GC heap before
{Heap before GC invocations=2 (full 0):
 def new generation   total 4928K, used 4928K [0x24750000, 0x24ca0000, 0x29ca0000)
  eden space 4416K, 100% used [0x24750000, 0x24ba0000, 0x24ba0000)
  from space 512K, 100% used [0x24ba0000, 0x24c20000, 0x24c20000)
  to   space 512K,   0% used [0x24c20000, 0x24c20000, 0x24ca0000)
 tenured generation   total 10944K, used 591K [0x29ca0000, 0x2a750000, 0x34750000)
   the space 10944K,   5% used [0x29ca0000, 0x29d33fc8, 0x29d34000, 0x2a750000)
 compacting perm gen  total 12288K, used 4256K [0x34750000, 0x35350000, 0x38750000)
   the space 12288K,  34% used [0x34750000, 0x34b782e8, 0x34b78400, 0x35350000)
    ro space 10240K,  45% used [0x38750000, 0x38bd5880, 0x38bd5a00, 0x39150000)
    rw space 12288K,  54% used [0x39150000, 0x397d8a58, 0x397d8c00, 0x39d50000)
Event: 0.965 GC heap after
Heap after GC invocations=3 (full 0):
 def new generation   total 4928K, used 367K [0x24750000, 0x24ca0000, 0x29ca0000)
  eden space 4416K,   0% used [0x24750000, 0x24750000, 0x24ba0000)
  from space 512K,  71% used [0x24c20000, 0x24c7bf20, 0x24ca0000)
  to   space 512K,   0% used [0x24ba0000, 0x24ba0000, 0x24c20000)
 tenured generation   total 10944K, used 1087K [0x29ca0000, 0x2a750000, 0x34750000)
   the space 10944K,   9% used [0x29ca0000, 0x29daffd0, 0x29db0000, 0x2a750000)
 compacting perm gen  total 12288K, used 4256K [0x34750000, 0x35350000, 0x38750000)
   the space 12288K,  34% used [0x34750000, 0x34b782e8, 0x34b78400, 0x35350000)
    ro space 10240K,  45% used [0x38750000, 0x38bd5880, 0x38bd5a00, 0x39150000)
    rw space 12288K,  54% used [0x39150000, 0x397d8a58, 0x397d8c00, 0x39d50000)
}
Event: 12.242 GC heap before
{Heap before GC invocations=3 (full 0):
 def new generation   total 4928K, used 4783K [0x24750000, 0x24ca0000, 0x29ca0000)
  eden space 4416K, 100% used [0x24750000, 0x24ba0000, 0x24ba0000)
  from space 512K,  71% used [0x24c20000, 0x24c7bf20, 0x24ca0000)
  to   space 512K,   0% used [0x24ba0000, 0x24ba0000, 0x24c20000)
 tenured generation   total 10944K, used 1087K [0x29ca0000, 0x2a750000, 0x34750000)
   the space 10944K,   9% used [0x29ca0000, 0x29daffd0, 0x29db0000, 0x2a750000)
 compacting perm gen  total 12288K, used 4576K [0x34750000, 0x35350000, 0x38750000)
   the space 12288K,  37% used [0x34750000, 0x34bc8318, 0x34bc8400, 0x35350000)
    ro space 10240K,  45% used [0x38750000, 0x38bd5880, 0x38bd5a00, 0x39150000)
    rw space 12288K,  54% used [0x39150000, 0x397d8a58, 0x397d8c00, 0x39d50000)
Event: 12.250 GC heap after
Heap after GC invocations=4 (full 0):
 def new generation   total 4928K, used 264K [0x24750000, 0x24ca0000, 0x29ca0000)
  eden space 4416K,   0% used [0x24750000, 0x24750000, 0x24ba0000)
  from space 512K,  51% used [0x24ba0000, 0x24be22e0, 0x24c20000)
  to   space 512K,   0% used [0x24c20000, 0x24c20000, 0x24ca0000)
 tenured generation   total 10944K, used 1413K [0x29ca0000, 0x2a750000, 0x34750000)
   the space 10944K,  12% used [0x29ca0000, 0x29e01708, 0x29e01800, 0x2a750000)
 compacting perm gen  total 12288K, used 4576K [0x34750000, 0x35350000, 0x38750000)
   the space 12288K,  37% used [0x34750000, 0x34bc8318, 0x34bc8400, 0x35350000)
    ro space 10240K,  45% used [0x38750000, 0x38bd5880, 0x38bd5a00, 0x39150000)
    rw space 12288K,  54% used [0x39150000, 0x397d8a58, 0x397d8c00, 0x39d50000)
}

Deoptimization events (0 events):
No events

Internal exceptions (10 events):
Event: 0.021 Thread 0x00b5ac00 Threw 0x247511d8 at C:\jdk7u1_32P\jdk7u9_3984_new\hotspot\src\share\vm\prims\jni.cpp:3994
Event: 0.052 Thread 0x00b5ac00 Threw 0x2478e430 at C:\jdk7u1_32P\jdk7u9_3984_new\hotspot\src\share\vm\prims\jvm.cpp:1166
Event: 0.069 Thread 0x00b5ac00 Threw 0x247abe50 at C:\jdk7u1_32P\jdk7u9_3984_new\hotspot\src\share\vm\prims\jvm.cpp:1166
Event: 0.077 Thread 0x00b5ac00 Threw 0x247c7ad8 at C:\jdk7u1_32P\jdk7u9_3984_new\hotspot\src\share\vm\prims\jvm.cpp:1166
Event: 0.077 Thread 0x00b5ac00 Threw 0x247c7bf0 at C:\jdk7u1_32P\jdk7u9_3984_new\hotspot\src\share\vm\prims\jvm.cpp:1166
Event: 0.078 Thread 0x00b5ac00 Threw 0x247cbbf0 at C:\jdk7u1_32P\jdk7u9_3984_new\hotspot\src\share\vm\prims\jvm.cpp:1166
Event: 0.078 Thread 0x00b5ac00 Threw 0x247cbd08 at C:\jdk7u1_32P\jdk7u9_3984_new\hotspot\src\share\vm\prims\jvm.cpp:1166
Event: 0.172 Thread 0x04ec0000 Threw 0x248c7688 at C:\jdk7u1_32P\jdk7u9_3984_new\hotspot\src\share\vm\interpreter\linkResolver.cpp:805
Event: 0.444 Thread 0x04efc800 Threw 0x24876ce0 at C:\jdk7u1_32P\jdk7u9_3984_new\hotspot\src\share\vm\interpreter\linkResolver.cpp:805
Event: 0.444 Thread 0x04efc800 Threw 0x24876ce0 at C:\jdk7u1_32P\jdk7u9_3984_new\hotspot\src\share\vm\prims\jvm.cpp:1170

Events (10 events):
Event: 21.435 loading class 0x04ee87b0
Event: 21.435 loading class 0x04ee87b0 done
Event: 21.437 Thread 0x04efc800 Thread exited: 0x04efc800
Event: 21.437 Thread 0x04ec0000 Thread exited: 0x04ec0000
Event: 21.438 Thread 0x00b5ac00 Thread exited: 0x00b5ac00
Event: 21.438 Thread 0x00b5ac00 Thread added: 0x00b5ac00
Event: 21.442 Thread 0x04ec0000 Thread added: 0x04ec0000
Event: 21.443 Thread 0x04ec0000 Thread exited: 0x04ec0000
Event: 21.444 Thread 0x0271c800 Thread exited: 0x0271c800
Event: 21.444 Thread 0x00b5ac00 Thread exited: 0x00b5ac00


Dynamic libraries:
0x00a00000 - 0x00a2f000 	C:\Program Files (x86)\Java\jdk1.7.0_09\bin\java.exe
0x77d30000 - 0x77e90000 	C:\Windows\SysWOW64\ntdll.dll
0x76600000 - 0x76710000 	C:\Windows\syswow64\kernel32.dll
0x76530000 - 0x765f6000 	C:\Windows\syswow64\ADVAPI32.dll
0x77330000 - 0x77420000 	C:\Windows\syswow64\RPCRT4.dll
0x75850000 - 0x758b0000 	C:\Windows\syswow64\Secur32.dll
0x758b0000 - 0x75980000 	C:\Windows\syswow64\USER32.dll
0x76d70000 - 0x76e00000 	C:\Windows\syswow64\GDI32.dll
0x75260000 - 0x753fe000 	C:\Windows\WinSxS\x86_microsoft.windows.common-controls_6595b64144ccf1df_6.0.6002.18305_none_5cb72f2a088b0ed3\COMCTL32.dll
0x771a0000 - 0x7724a000 	C:\Windows\syswow64\msvcrt.dll
0x76f50000 - 0x76fa9000 	C:\Windows\syswow64\SHLWAPI.dll
0x76bf0000 - 0x76c50000 	C:\Windows\system32\IMM32.DLL
0x76fb0000 - 0x77078000 	C:\Windows\syswow64\MSCTF.dll
0x75980000 - 0x75989000 	C:\Windows\syswow64\LPK.DLL
0x76740000 - 0x767bd000 	C:\Windows\syswow64\USP10.dll
0x73020000 - 0x730de000 	C:\Program Files (x86)\Java\jdk1.7.0_09\jre\bin\msvcr100.dll
0x71a60000 - 0x71dad000 	C:\Program Files (x86)\Java\jdk1.7.0_09\jre\bin\client\jvm.dll
0x75750000 - 0x75757000 	C:\Windows\system32\WSOCK32.dll
0x767c0000 - 0x767ed000 	C:\Windows\syswow64\WS2_32.dll
0x76880000 - 0x76886000 	C:\Windows\syswow64\NSI.dll
0x755c0000 - 0x755f2000 	C:\Windows\system32\WINMM.dll
0x76e00000 - 0x76f45000 	C:\Windows\syswow64\ole32.dll
0x772a0000 - 0x7732d000 	C:\Windows\syswow64\OLEAUT32.dll
0x75710000 - 0x7574e000 	C:\Windows\system32\OLEACC.dll
0x77d00000 - 0x77d07000 	C:\Windows\syswow64\PSAPI.DLL
0x75240000 - 0x7524c000 	C:\Program Files (x86)\Java\jdk1.7.0_09\jre\bin\verify.dll
0x72fa0000 - 0x72fc0000 	C:\Program Files (x86)\Java\jdk1.7.0_09\jre\bin\java.dll
0x72fc0000 - 0x72fd3000 	C:\Program Files (x86)\Java\jdk1.7.0_09\jre\bin\zip.dll
0x72020000 - 0x7206d000 	C:\Program Files (x86)\Java\jdk1.7.0_09\jre\bin\deploy.dll
0x75780000 - 0x75788000 	C:\Windows\system32\VERSION.dll
0x76c50000 - 0x76d6b000 	C:\Windows\syswow64\WININET.dll
0x76890000 - 0x76893000 	C:\Windows\syswow64\Normaliz.dll
0x76a30000 - 0x76be9000 	C:\Windows\syswow64\iertutil.dll
0x77080000 - 0x77191000 	C:\Windows\syswow64\urlmon.dll
0x75a10000 - 0x76521000 	C:\Windows\syswow64\SHELL32.dll
0x755a0000 - 0x755be000 	C:\Windows\system32\USERENV.dll
0x743f0000 - 0x74409000 	C:\Windows\system32\iphlpapi.dll
0x743b0000 - 0x743e5000 	C:\Windows\system32\dhcpcsvc.DLL
0x74380000 - 0x743ac000 	C:\Windows\system32\DNSAPI.dll
0x744d0000 - 0x744d7000 	C:\Windows\system32\WINNSI.DLL
0x74020000 - 0x74042000 	C:\Windows\system32\dhcpcsvc6.DLL
0x74bc0000 - 0x74bcd000 	C:\Program Files (x86)\Java\jdk1.7.0_09\jre\bin\prism-d3d.dll
0x712d0000 - 0x7148a000 	C:\Windows\system32\d3d9.dll
0x72f80000 - 0x72f86000 	C:\Windows\system32\d3d8thk.dll
0x74c40000 - 0x74c4c000 	C:\Windows\system32\dwmapi.dll
0x74c80000 - 0x74d00000 	C:\Windows\system32\uxtheme.dll
0x10000000 - 0x1026e000 	C:\Windows\system32\igdumd32.dll
0x72090000 - 0x720b7000 	C:\Program Files (x86)\Java\jdk1.7.0_09\jre\bin\glass.dll
0x75990000 - 0x75a03000 	C:\Windows\syswow64\COMDLG32.dll
0x71610000 - 0x7164c000 	C:\Program Files (x86)\Java\jdk1.7.0_09\jre\bin\javafx-font.dll
0x767f0000 - 0x76874000 	C:\Windows\syswow64\CLBCatQ.DLL
0x724f0000 - 0x725e4000 	C:\Windows\system32\WindowsCodecs.dll
0x72ae0000 - 0x72b0c000 	C:\Windows\system32\apphelp.dll
0x72ac0000 - 0x72adf000 	C:\Windows\system32\EhStorShell.dll
0x72b10000 - 0x72bcb000 	C:\Windows\system32\PROPSYS.dll
0x71650000 - 0x71a56000 	C:\PROGRA~2\MICROS~2\Office14\GROOVEEX.DLL
0x749e0000 - 0x74a83000 	C:\Windows\WinSxS\x86_microsoft.vc90.crt_1fc8b3b9a1e18e3b_9.0.30729.6161_none_50934f2ebcb7eb57\MSVCR90.dll
0x72880000 - 0x7290e000 	C:\Windows\WinSxS\x86_microsoft.vc90.crt_1fc8b3b9a1e18e3b_9.0.30729.6161_none_50934f2ebcb7eb57\MSVCP90.dll
0x72a70000 - 0x72a9b000 	C:\Windows\WinSxS\x86_microsoft.vc90.atl_1fc8b3b9a1e18e3b_9.0.30729.6161_none_51cd0a7abbe4e19b\ATL90.DLL
0x6fe20000 - 0x7023a000 	C:\PROGRA~2\COMMON~1\MICROS~1\OFFICE14\Cultures\office.odf
0x6ed40000 - 0x6f5a5000 	C:\PROGRA~2\MICROS~2\Office14\1033\GrooveIntlResource.dll
0x711f0000 - 0x712cc000 	C:\Windows\system32\dbghelp.dll

VM Arguments:
jvm_args: -Dfile.encoding=UTF-8 
java_command: com.javafx.main.Main
Launcher Type: SUN_STANDARD

Environment Variables:
CLASSPATH=.;C:\Program Files (x86)\Java\jre7\lib\ext\QTJava.zip
PATH=C:\Program Files\Java\jre7\bin;C:\Program Files\Intel\WiFi\bin\;C:\Program Files\Common Files\Intel\WirelessCommon\;C:\Program Files (x86)\QuickTime\QTSystem\
USERNAME=hope
OS=Windows_NT
PROCESSOR_IDENTIFIER=Intel64 Family 6 Model 23 Stepping 10, GenuineIntel



---------------  S Y S T E M  ---------------

OS: Windows Vista , 64 bit Build 6002 Service Pack 2

CPU:total 2 (2 cores per cpu, 1 threads per core) family 6 model 23 stepping 10, cmov, cx8, fxsr, mmx, sse, sse2, sse3, ssse3, sse4.1, tsc

Memory: 4k page, physical 4183536k(2168648k free), swap 8560884k(6465588k free)

vm_info: Java HotSpot(TM) Client VM (23.5-b02) for windows-x86 JRE (1.7.0_09-b05), built on Sep 24 2012 22:01:33 by "java_re" with unknown MS VC++:1600

time: Mon Jun 03 11:17:14 2013
elapsed time: 21 seconds

