#
# A fatal error has been detected by the Java Runtime Environment:
#
#  Internal Error (0xc0000002), pid=5092, tid=4876
#
# JRE version: 7.0_09-b05
# Java VM: Java HotSpot(TM) Client VM (23.5-b02 mixed mode, sharing windows-x86 )
# Problematic frame:
# C  [kernel32.dll+0x1d8cb]  RaiseException+0x59
#
# Failed to write core dump. Minidumps are not enabled by default on client versions of Windows
#
# If you would like to submit a bug report, please visit:
#   http://bugreport.sun.com/bugreport/crash.jsp
# The crash happened outside the Java Virtual Machine in native code.
# See problematic frame for where to report the bug.
#

---------------  T H R E A D  ---------------

Current thread (0x04e07c00):  JavaThread "QuantumRenderer-0" daemon [_thread_in_native, id=4876, stack(0x053e0000,0x05430000)]

siginfo: ExceptionCode=0xc0000002

Registers:
EAX=0x0542f0ec, EBX=0x00000000, ECX=0x05ff4860, EDX=0x101d8a19
ESP=0x0542f0ec, EBP=0x0542f13c, ESI=0x069b33b8, EDI=0x069c5db0
EIP=0x7661d8cb, EFLAGS=0x00000246

Top of Stack: (sp=0x0542f0ec)
0x0542f0ec:   c0000002 00000001 00000000 7661d8cb
0x0542f0fc:   00000000 01010100 0542f03c 0542f040
0x0542f10c:   0542f17c 77de37ce 03317289 fffffffe
0x0542f11c:   77d5a9b5 77d5a4ac 00000000 05ff8950
0x0542f12c:   05ff8950 ffffffff 00000000 0542f14c
0x0542f13c:   00000000 101d8a2a c0000002 00000001
0x0542f14c:   00000000 00000000 1002686e 069c5db0
0x0542f15c:   069b33b8 00000000 10029217 069c5db0 

Instructions: (pc=0x7661d8cb)
0x7661d8ab:   02 50 ff 75 14 8d 45 c4 50 e8 4e 21 0a 00 e9 ee
0x7661d8bb:   50 02 00 89 45 c0 8d 45 b0 50 ff 15 14 07 61 76
0x7661d8cb:   c9 c2 10 00 66 83 fa 06 0f 84 6b f4 01 00 66 83
0x7661d8db:   fa 09 75 0c c7 46 18 d8 21 00 00 e9 01 77 ff ff 


Register to memory mapping:

EAX=0x0542f0ec is pointing into the stack for thread: 0x04e07c00
EBX=0x00000000 is an unknown value
ECX=0x05ff4860 is an unknown value
EDX=0x101d8a19 is an unknown value
ESP=0x0542f0ec is pointing into the stack for thread: 0x04e07c00
EBP=0x0542f13c is pointing into the stack for thread: 0x04e07c00
ESI=0x069b33b8 is an unknown value
EDI=0x069c5db0 is an unknown value


Stack: [0x053e0000,0x05430000],  sp=0x0542f0ec,  free space=316k
Native frames: (J=compiled Java code, j=interpreted, Vv=VM code, C=native code)
C  [kernel32.dll+0x1d8cb]  RaiseException+0x59

Java frames: (J=compiled Java code, j=interpreted, Vv=VM code)
j  com.sun.prism.d3d.D3DPipeline.nDispose()V+0
j  com.sun.prism.d3d.D3DPipeline.dispose()V+29
j  com.sun.javafx.tk.quantum.QuantumRenderer$PipelineRunnable.cleanup()V+9
j  com.sun.javafx.tk.quantum.QuantumRenderer$PipelineRunnable.run()V+14
j  java.lang.Thread.run()V+11
v  ~StubRoutines::call_stub

---------------  P R O C E S S  ---------------

Java Threads: ( => current thread )
  0x04e7b400 JavaThread "Prism Font Disposer" daemon [_thread_blocked, id=4968, stack(0x07040000,0x07090000)]
  0x04e62000 JavaThread "Thread-3" daemon [_thread_in_native, id=2776, stack(0x06ff0000,0x07040000)]
  0x04de7000 JavaThread "Disposer" daemon [_thread_blocked, id=1176, stack(0x05460000,0x054b0000)]
=>0x04e07c00 JavaThread "QuantumRenderer-0" daemon [_thread_in_native, id=4876, stack(0x053e0000,0x05430000)]
  0x04d88400 JavaThread "traceMsgQueueThread" daemon [_thread_blocked, id=3552, stack(0x05050000,0x050a0000)]
  0x00b08400 JavaThread "Service Thread" daemon [_thread_blocked, id=4376, stack(0x04a00000,0x04a50000)]
  0x00af1000 JavaThread "C1 CompilerThread0" daemon [_thread_blocked, id=3520, stack(0x04820000,0x04870000)]
  0x00aef800 JavaThread "Attach Listener" daemon [_thread_blocked, id=4340, stack(0x04aa0000,0x04af0000)]
  0x00adac00 JavaThread "Finalizer" daemon [_thread_blocked, id=3872, stack(0x04700000,0x04750000)]
  0x00ad6000 JavaThread "Reference Handler" daemon [_thread_blocked, id=780, stack(0x049b0000,0x04a00000)]

Other Threads:
  0x00ad3c00 VMThread [stack: 0x04780000,0x047d0000] [id=4856]

VM state:at safepoint (normal execution)

VM Mutex/Monitor currently owned by a thread:  ([mutex/lock_event])
[0x02658ee8] Threads_lock - owner thread: 0x00ad3c00
[0x026592f8] Heap_lock - owner thread: 0x0265ac00

Heap
 def new generation   total 4928K, used 2028K [0x24750000, 0x24ca0000, 0x29ca0000)
  eden space 4416K,  39% used [0x24750000, 0x24908fc0, 0x24ba0000)
  from space 512K,  51% used [0x24ba0000, 0x24be2198, 0x24c20000)
  to   space 512K,   0% used [0x24c20000, 0x24c20000, 0x24ca0000)
 tenured generation   total 10944K, used 1413K [0x29ca0000, 0x2a750000, 0x34750000)
   the space 10944K,  12% used [0x29ca0000, 0x29e017e8, 0x29e01800, 0x2a750000)
 compacting perm gen  total 12288K, used 4584K [0x34750000, 0x35350000, 0x38750000)
   the space 12288K,  37% used [0x34750000, 0x34bca388, 0x34bca400, 0x35350000)
    ro space 10240K,  45% used [0x38750000, 0x38bd5880, 0x38bd5a00, 0x39150000)
    rw space 12288K,  54% used [0x39150000, 0x397d8a58, 0x397d8c00, 0x39d50000)

Card table byte_map: [0x02520000,0x025d0000] byte_map_base: 0x023fc580

Polling page: 0x00170000

Code Cache  [0x026a0000, 0x027b8000, 0x046a0000)
 total_blobs=749 nmethods=433 adapters=250 free_code_cache=31654Kb largest_free_block=32413440

Compilation events (10 events):
Event: 14.457 Thread 0x00af1000  431             com.sun.openpisces.Curve::set (95 bytes)
Event: 14.457 Thread 0x00af1000 nmethod 431 0x027b5c48 code [0x027b5d80, 0x027b5eb0]
Event: 14.511 Thread 0x00af1000  432             javafx.scene.Node::impl_markDirty (37 bytes)
Event: 14.512 Thread 0x00af1000 nmethod 432 0x027b5f08 code [0x027b6020, 0x027b6188]
Event: 14.512 Thread 0x00af1000  433             javafx.scene.Node$MiscProperties::getEffect (24 bytes)
Event: 14.513 Thread 0x00af1000 nmethod 433 0x027b62c8 code [0x027b63d0, 0x027b64ac]
Event: 16.137 Thread 0x00af1000  434             com.sun.javafx.geom.RectBounds::makeEmpty (23 bytes)
Event: 16.137 Thread 0x00af1000 nmethod 434 0x027b6548 code [0x027b6640, 0x027b66e0]
Event: 16.137 Thread 0x00af1000  435             javafx.scene.Node$LazyBoundsProperty::access$1500 (5 bytes)
Event: 16.138 Thread 0x00af1000 nmethod 435 0x027b6748 code [0x027b6840, 0x027b68b0]

GC Heap History (8 events):
Event: 0.338 GC heap before
{Heap before GC invocations=0 (full 0):
 def new generation   total 4928K, used 4416K [0x24750000, 0x24ca0000, 0x29ca0000)
  eden space 4416K, 100% used [0x24750000, 0x24ba0000, 0x24ba0000)
  from space 512K,   0% used [0x24ba0000, 0x24ba0000, 0x24c20000)
  to   space 512K,   0% used [0x24c20000, 0x24c20000, 0x24ca0000)
 tenured generation   total 10944K, used 0K [0x29ca0000, 0x2a750000, 0x34750000)
   the space 10944K,   0% used [0x29ca0000, 0x29ca0000, 0x29ca0200, 0x2a750000)
 compacting perm gen  total 12288K, used 1655K [0x34750000, 0x35350000, 0x38750000)
   the space 12288K,  13% used [0x34750000, 0x348ede00, 0x348ede00, 0x35350000)
    ro space 10240K,  45% used [0x38750000, 0x38bd5880, 0x38bd5a00, 0x39150000)
    rw space 12288K,  54% used [0x39150000, 0x397d8a58, 0x397d8c00, 0x39d50000)
Event: 0.343 GC heap after
Heap after GC invocations=1 (full 0):
 def new generation   total 4928K, used 512K [0x24750000, 0x24ca0000, 0x29ca0000)
  eden space 4416K,   0% used [0x24750000, 0x24750000, 0x24ba0000)
  from space 512K, 100% used [0x24c20000, 0x24ca0000, 0x24ca0000)
  to   space 512K,   0% used [0x24ba0000, 0x24ba0000, 0x24c20000)
 tenured generation   total 10944K, used 72K [0x29ca0000, 0x2a750000, 0x34750000)
   the space 10944K,   0% used [0x29ca0000, 0x29cb2078, 0x29cb2200, 0x2a750000)
 compacting perm gen  total 12288K, used 1655K [0x34750000, 0x35350000, 0x38750000)
   the space 12288K,  13% used [0x34750000, 0x348ede00, 0x348ede00, 0x35350000)
    ro space 10240K,  45% used [0x38750000, 0x38bd5880, 0x38bd5a00, 0x39150000)
    rw space 12288K,  54% used [0x39150000, 0x397d8a58, 0x397d8c00, 0x39d50000)
}
Event: 0.566 GC heap before
{Heap before GC invocations=1 (full 0):
 def new generation   total 4928K, used 4928K [0x24750000, 0x24ca0000, 0x29ca0000)
  eden space 4416K, 100% used [0x24750000, 0x24ba0000, 0x24ba0000)
  from space 512K, 100% used [0x24c20000, 0x24ca0000, 0x24ca0000)
  to   space 512K,   0% used [0x24ba0000, 0x24ba0000, 0x24c20000)
 tenured generation   total 10944K, used 72K [0x29ca0000, 0x2a750000, 0x34750000)
   the space 10944K,   0% used [0x29ca0000, 0x29cb2078, 0x29cb2200, 0x2a750000)
 compacting perm gen  total 12288K, used 2979K [0x34750000, 0x35350000, 0x38750000)
   the space 12288K,  24% used [0x34750000, 0x34a38d80, 0x34a38e00, 0x35350000)
    ro space 10240K,  45% used [0x38750000, 0x38bd5880, 0x38bd5a00, 0x39150000)
    rw space 12288K,  54% used [0x39150000, 0x397d8a58, 0x397d8c00, 0x39d50000)
Event: 0.572 GC heap after
Heap after GC invocations=2 (full 0):
 def new generation   total 4928K, used 512K [0x24750000, 0x24ca0000, 0x29ca0000)
  eden space 4416K,   0% used [0x24750000, 0x24750000, 0x24ba0000)
  from space 512K, 100% used [0x24ba0000, 0x24c20000, 0x24c20000)
  to   space 512K,   0% used [0x24c20000, 0x24c20000, 0x24ca0000)
 tenured generation   total 10944K, used 592K [0x29ca0000, 0x2a750000, 0x34750000)
   the space 10944K,   5% used [0x29ca0000, 0x29d34058, 0x29d34200, 0x2a750000)
 compacting perm gen  total 12288K, used 2979K [0x34750000, 0x35350000, 0x38750000)
   the space 12288K,  24% used [0x34750000, 0x34a38d80, 0x34a38e00, 0x35350000)
    ro space 10240K,  45% used [0x38750000, 0x38bd5880, 0x38bd5a00, 0x39150000)
    rw space 12288K,  54% used [0x39150000, 0x397d8a58, 0x397d8c00, 0x39d50000)
}
Event: 0.855 GC heap before
{Heap before GC invocations=2 (full 0):
 def new generation   total 4928K, used 4928K [0x24750000, 0x24ca0000, 0x29ca0000)
  eden space 4416K, 100% used [0x24750000, 0x24ba0000, 0x24ba0000)
  from space 512K, 100% used [0x24ba0000, 0x24c20000, 0x24c20000)
  to   space 512K,   0% used [0x24c20000, 0x24c20000, 0x24ca0000)
 tenured generation   total 10944K, used 592K [0x29ca0000, 0x2a750000, 0x34750000)
   the space 10944K,   5% used [0x29ca0000, 0x29d34058, 0x29d34200, 0x2a750000)
 compacting perm gen  total 12288K, used 4256K [0x34750000, 0x35350000, 0x38750000)
   the space 12288K,  34% used [0x34750000, 0x34b782d8, 0x34b78400, 0x35350000)
    ro space 10240K,  45% used [0x38750000, 0x38bd5880, 0x38bd5a00, 0x39150000)
    rw space 12288K,  54% used [0x39150000, 0x397d8a58, 0x397d8c00, 0x39d50000)
Event: 0.862 GC heap after
Heap after GC invocations=3 (full 0):
 def new generation   total 4928K, used 367K [0x24750000, 0x24ca0000, 0x29ca0000)
  eden space 4416K,   0% used [0x24750000, 0x24750000, 0x24ba0000)
  from space 512K,  71% used [0x24c20000, 0x24c7bcb8, 0x24ca0000)
  to   space 512K,   0% used [0x24ba0000, 0x24ba0000, 0x24c20000)
 tenured generation   total 10944K, used 1088K [0x29ca0000, 0x2a750000, 0x34750000)
   the space 10944K,   9% used [0x29ca0000, 0x29db0060, 0x29db0200, 0x2a750000)
 compacting perm gen  total 12288K, used 4256K [0x34750000, 0x35350000, 0x38750000)
   the space 12288K,  34% used [0x34750000, 0x34b782d8, 0x34b78400, 0x35350000)
    ro space 10240K,  45% used [0x38750000, 0x38bd5880, 0x38bd5a00, 0x39150000)
    rw space 12288K,  54% used [0x39150000, 0x397d8a58, 0x397d8c00, 0x39d50000)
}
Event: 11.029 GC heap before
{Heap before GC invocations=3 (full 0):
 def new generation   total 4928K, used 4783K [0x24750000, 0x24ca0000, 0x29ca0000)
  eden space 4416K, 100% used [0x24750000, 0x24ba0000, 0x24ba0000)
  from space 512K,  71% used [0x24c20000, 0x24c7bcb8, 0x24ca0000)
  to   space 512K,   0% used [0x24ba0000, 0x24ba0000, 0x24c20000)
 tenured generation   total 10944K, used 1088K [0x29ca0000, 0x2a750000, 0x34750000)
   the space 10944K,   9% used [0x29ca0000, 0x29db0060, 0x29db0200, 0x2a750000)
 compacting perm gen  total 12288K, used 4576K [0x34750000, 0x35350000, 0x38750000)
   the space 12288K,  37% used [0x34750000, 0x34bc82e8, 0x34bc8400, 0x35350000)
    ro space 10240K,  45% used [0x38750000, 0x38bd5880, 0x38bd5a00, 0x39150000)
    rw space 12288K,  54% used [0x39150000, 0x397d8a58, 0x397d8c00, 0x39d50000)
Event: 11.037 GC heap after
Heap after GC invocations=4 (full 0):
 def new generation   total 4928K, used 264K [0x24750000, 0x24ca0000, 0x29ca0000)
  eden space 4416K,   0% used [0x24750000, 0x24750000, 0x24ba0000)
  from space 512K,  51% used [0x24ba0000, 0x24be2198, 0x24c20000)
  to   space 512K,   0% used [0x24c20000, 0x24c20000, 0x24ca0000)
 tenured generation   total 10944K, used 1413K [0x29ca0000, 0x2a750000, 0x34750000)
   the space 10944K,  12% used [0x29ca0000, 0x29e017e8, 0x29e01800, 0x2a750000)
 compacting perm gen  total 12288K, used 4576K [0x34750000, 0x35350000, 0x38750000)
   the space 12288K,  37% used [0x34750000, 0x34bc82e8, 0x34bc8400, 0x35350000)
    ro space 10240K,  45% used [0x38750000, 0x38bd5880, 0x38bd5a00, 0x39150000)
    rw space 12288K,  54% used [0x39150000, 0x397d8a58, 0x397d8c00, 0x39d50000)
}

Deoptimization events (0 events):
No events

Internal exceptions (10 events):
Event: 0.021 Thread 0x0265ac00 Threw 0x247511d8 at C:\jdk7u1_32P\jdk7u9_3984_new\hotspot\src\share\vm\prims\jni.cpp:3994
Event: 0.053 Thread 0x0265ac00 Threw 0x2478e430 at C:\jdk7u1_32P\jdk7u9_3984_new\hotspot\src\share\vm\prims\jvm.cpp:1166
Event: 0.070 Thread 0x0265ac00 Threw 0x247abe50 at C:\jdk7u1_32P\jdk7u9_3984_new\hotspot\src\share\vm\prims\jvm.cpp:1166
Event: 0.083 Thread 0x0265ac00 Threw 0x247c7ad8 at C:\jdk7u1_32P\jdk7u9_3984_new\hotspot\src\share\vm\prims\jvm.cpp:1166
Event: 0.083 Thread 0x0265ac00 Threw 0x247c7bf0 at C:\jdk7u1_32P\jdk7u9_3984_new\hotspot\src\share\vm\prims\jvm.cpp:1166
Event: 0.084 Thread 0x0265ac00 Threw 0x247cbbf0 at C:\jdk7u1_32P\jdk7u9_3984_new\hotspot\src\share\vm\prims\jvm.cpp:1166
Event: 0.084 Thread 0x0265ac00 Threw 0x247cbd08 at C:\jdk7u1_32P\jdk7u9_3984_new\hotspot\src\share\vm\prims\jvm.cpp:1166
Event: 0.176 Thread 0x04dd4400 Threw 0x248c7688 at C:\jdk7u1_32P\jdk7u9_3984_new\hotspot\src\share\vm\interpreter\linkResolver.cpp:805
Event: 0.403 Thread 0x04e13400 Threw 0x24876c68 at C:\jdk7u1_32P\jdk7u9_3984_new\hotspot\src\share\vm\interpreter\linkResolver.cpp:805
Event: 0.403 Thread 0x04e13400 Threw 0x24876c68 at C:\jdk7u1_32P\jdk7u9_3984_new\hotspot\src\share\vm\prims\jvm.cpp:1170

Events (10 events):
Event: 16.143 loading class 0x04e0c118
Event: 16.143 loading class 0x04e0c118 done
Event: 16.143 Thread 0x04dd4400 Thread exited: 0x04dd4400
Event: 16.144 Thread 0x04e13400 Thread exited: 0x04e13400
Event: 16.145 Thread 0x0265ac00 Thread exited: 0x0265ac00
Event: 16.145 Thread 0x0265ac00 Thread added: 0x0265ac00
Event: 16.149 Thread 0x04e13400 Thread added: 0x04e13400
Event: 16.150 Thread 0x04e13400 Thread exited: 0x04e13400
Event: 16.151 Thread 0x00aec800 Thread exited: 0x00aec800
Event: 16.151 Thread 0x0265ac00 Thread exited: 0x0265ac00


Dynamic libraries:
0x00a00000 - 0x00a2f000 	C:\Program Files (x86)\Java\jdk1.7.0_09\bin\java.exe
0x77d30000 - 0x77e90000 	C:\Windows\SysWOW64\ntdll.dll
0x76600000 - 0x76710000 	C:\Windows\syswow64\kernel32.dll
0x76530000 - 0x765f6000 	C:\Windows\syswow64\ADVAPI32.dll
0x77330000 - 0x77420000 	C:\Windows\syswow64\RPCRT4.dll
0x75850000 - 0x758b0000 	C:\Windows\syswow64\Secur32.dll
0x758b0000 - 0x75980000 	C:\Windows\syswow64\USER32.dll
0x76d70000 - 0x76e00000 	C:\Windows\syswow64\GDI32.dll
0x75260000 - 0x753fe000 	C:\Windows\WinSxS\x86_microsoft.windows.common-controls_6595b64144ccf1df_6.0.6002.18305_none_5cb72f2a088b0ed3\COMCTL32.dll
0x771a0000 - 0x7724a000 	C:\Windows\syswow64\msvcrt.dll
0x76f50000 - 0x76fa9000 	C:\Windows\syswow64\SHLWAPI.dll
0x76bf0000 - 0x76c50000 	C:\Windows\system32\IMM32.DLL
0x76fb0000 - 0x77078000 	C:\Windows\syswow64\MSCTF.dll
0x75980000 - 0x75989000 	C:\Windows\syswow64\LPK.DLL
0x76740000 - 0x767bd000 	C:\Windows\syswow64\USP10.dll
0x73020000 - 0x730de000 	C:\Program Files (x86)\Java\jdk1.7.0_09\jre\bin\msvcr100.dll
0x71a60000 - 0x71dad000 	C:\Program Files (x86)\Java\jdk1.7.0_09\jre\bin\client\jvm.dll
0x75750000 - 0x75757000 	C:\Windows\system32\WSOCK32.dll
0x767c0000 - 0x767ed000 	C:\Windows\syswow64\WS2_32.dll
0x76880000 - 0x76886000 	C:\Windows\syswow64\NSI.dll
0x755c0000 - 0x755f2000 	C:\Windows\system32\WINMM.dll
0x76e00000 - 0x76f45000 	C:\Windows\syswow64\ole32.dll
0x772a0000 - 0x7732d000 	C:\Windows\syswow64\OLEAUT32.dll
0x75710000 - 0x7574e000 	C:\Windows\system32\OLEACC.dll
0x77d00000 - 0x77d07000 	C:\Windows\syswow64\PSAPI.DLL
0x75240000 - 0x7524c000 	C:\Program Files (x86)\Java\jdk1.7.0_09\jre\bin\verify.dll
0x72fa0000 - 0x72fc0000 	C:\Program Files (x86)\Java\jdk1.7.0_09\jre\bin\java.dll
0x72fc0000 - 0x72fd3000 	C:\Program Files (x86)\Java\jdk1.7.0_09\jre\bin\zip.dll
0x72020000 - 0x7206d000 	C:\Program Files (x86)\Java\jdk1.7.0_09\jre\bin\deploy.dll
0x75780000 - 0x75788000 	C:\Windows\system32\VERSION.dll
0x76c50000 - 0x76d6b000 	C:\Windows\syswow64\WININET.dll
0x76890000 - 0x76893000 	C:\Windows\syswow64\Normaliz.dll
0x76a30000 - 0x76be9000 	C:\Windows\syswow64\iertutil.dll
0x77080000 - 0x77191000 	C:\Windows\syswow64\urlmon.dll
0x75a10000 - 0x76521000 	C:\Windows\syswow64\SHELL32.dll
0x755a0000 - 0x755be000 	C:\Windows\system32\USERENV.dll
0x743f0000 - 0x74409000 	C:\Windows\system32\iphlpapi.dll
0x743b0000 - 0x743e5000 	C:\Windows\system32\dhcpcsvc.DLL
0x74380000 - 0x743ac000 	C:\Windows\system32\DNSAPI.dll
0x744d0000 - 0x744d7000 	C:\Windows\system32\WINNSI.DLL
0x74020000 - 0x74042000 	C:\Windows\system32\dhcpcsvc6.DLL
0x74bc0000 - 0x74bcd000 	C:\Program Files (x86)\Java\jdk1.7.0_09\jre\bin\prism-d3d.dll
0x711b0000 - 0x7136a000 	C:\Windows\system32\d3d9.dll
0x75250000 - 0x75256000 	C:\Windows\system32\d3d8thk.dll
0x74c40000 - 0x74c4c000 	C:\Windows\system32\dwmapi.dll
0x74c80000 - 0x74d00000 	C:\Windows\system32\uxtheme.dll
0x10000000 - 0x1026e000 	C:\Windows\system32\igdumd32.dll
0x72090000 - 0x720b7000 	C:\Program Files (x86)\Java\jdk1.7.0_09\jre\bin\glass.dll
0x75990000 - 0x75a03000 	C:\Windows\syswow64\COMDLG32.dll
0x71610000 - 0x7164c000 	C:\Program Files (x86)\Java\jdk1.7.0_09\jre\bin\javafx-font.dll
0x767f0000 - 0x76874000 	C:\Windows\syswow64\CLBCatQ.DLL
0x724f0000 - 0x725e4000 	C:\Windows\system32\WindowsCodecs.dll
0x72ae0000 - 0x72b0c000 	C:\Windows\system32\apphelp.dll
0x72ac0000 - 0x72adf000 	C:\Windows\system32\EhStorShell.dll
0x72b10000 - 0x72bcb000 	C:\Windows\system32\PROPSYS.dll
0x71650000 - 0x71a56000 	C:\PROGRA~2\MICROS~2\Office14\GROOVEEX.DLL
0x749e0000 - 0x74a83000 	C:\Windows\WinSxS\x86_microsoft.vc90.crt_1fc8b3b9a1e18e3b_9.0.30729.6161_none_50934f2ebcb7eb57\MSVCR90.dll
0x72880000 - 0x7290e000 	C:\Windows\WinSxS\x86_microsoft.vc90.crt_1fc8b3b9a1e18e3b_9.0.30729.6161_none_50934f2ebcb7eb57\MSVCP90.dll
0x72a70000 - 0x72a9b000 	C:\Windows\WinSxS\x86_microsoft.vc90.atl_1fc8b3b9a1e18e3b_9.0.30729.6161_none_51cd0a7abbe4e19b\ATL90.DLL
0x6fe20000 - 0x7023a000 	C:\PROGRA~2\COMMON~1\MICROS~1\OFFICE14\Cultures\office.odf
0x6ed40000 - 0x6f5a5000 	C:\PROGRA~2\MICROS~2\Office14\1033\GrooveIntlResource.dll
0x71450000 - 0x7152c000 	C:\Windows\system32\dbghelp.dll

VM Arguments:
jvm_args: -Dfile.encoding=UTF-8 
java_command: com.javafx.main.Main
Launcher Type: SUN_STANDARD

Environment Variables:
CLASSPATH=.;C:\Program Files (x86)\Java\jre7\lib\ext\QTJava.zip
PATH=C:\Program Files\Java\jre7\bin;C:\Program Files\Intel\WiFi\bin\;C:\Program Files\Common Files\Intel\WirelessCommon\;C:\Program Files (x86)\QuickTime\QTSystem\
USERNAME=hope
OS=Windows_NT
PROCESSOR_IDENTIFIER=Intel64 Family 6 Model 23 Stepping 10, GenuineIntel



---------------  S Y S T E M  ---------------

OS: Windows Vista , 64 bit Build 6002 Service Pack 2

CPU:total 2 (2 cores per cpu, 1 threads per core) family 6 model 23 stepping 10, cmov, cx8, fxsr, mmx, sse, sse2, sse3, ssse3, sse4.1, tsc

Memory: 4k page, physical 4183536k(2166592k free), swap 8560884k(6463336k free)

vm_info: Java HotSpot(TM) Client VM (23.5-b02) for windows-x86 JRE (1.7.0_09-b05), built on Sep 24 2012 22:01:33 by "java_re" with unknown MS VC++:1600

time: Mon Jun 03 11:18:05 2013
elapsed time: 16 seconds

